{
  "stats": {
    "suites": 4,
    "tests": 32,
    "passes": 31,
    "pending": 0,
    "failures": 1,
    "testsRegistered": 32,
    "passPercent": 96.875,
    "pendingPercent": 0,
    "other": 0,
    "hasOther": false,
    "skipped": 0,
    "hasSkipped": false,
    "start": "2024-11-21T21:38:22.997Z",
    "end": "2024-11-21T22:48:21.666Z",
    "duration": 4198669
  },
  "results": [
    {
      "uuid": "ba3d4565-a264-43c8-9306-17ab46636442",
      "title": "",
      "fullFile": "cypress\\e2e\\login.cy.js",
      "file": "cypress\\e2e\\login.cy.js",
      "beforeHooks": [],
      "afterHooks": [],
      "tests": [],
      "suites": [
        {
          "uuid": "98b04c31-4d5e-41ce-9063-a9dcd39dca1a",
          "title": "página de login",
          "fullFile": "",
          "file": "",
          "beforeHooks": [],
          "afterHooks": [],
          "tests": [
            {
              "title": "login com campos Username e Password corretos",
              "fullTitle": "página de login login com campos Username e Password corretos",
              "timedOut": null,
              "duration": 14197,
              "state": "passed",
              "speed": "slow",
              "pass": true,
              "fail": false,
              "pending": false,
              "context": null,
              "code": "cy.login('meuemailvalido@dominio.com', '12senha34');\ncy.verificarURL('/my-account/'); // verificar se está na página de conta",
              "err": {},
              "uuid": "5bbea7c6-8a26-4e04-9224-93ea3d4d26bd",
              "parentUUID": "98b04c31-4d5e-41ce-9063-a9dcd39dca1a",
              "isHook": false,
              "skipped": false
            },
            {
              "title": "login com campos Username e Password incorretos",
              "fullTitle": "página de login login com campos Username e Password incorretos",
              "timedOut": null,
              "duration": 7910,
              "state": "passed",
              "speed": "medium",
              "pass": true,
              "fail": false,
              "pending": false,
              "context": null,
              "code": "cy.login('meuUsernameInvalido', 'senhaIncorreta');\ncy.verificarTextoErro('is not registered on this site. If you are unsure of your username, try your email address instead.');",
              "err": {},
              "uuid": "22671fba-b4b3-41ca-8bbd-72e9d0337415",
              "parentUUID": "98b04c31-4d5e-41ce-9063-a9dcd39dca1a",
              "isHook": false,
              "skipped": false
            },
            {
              "title": "login com campo Username correto e campo Password vazio",
              "fullTitle": "página de login login com campo Username correto e campo Password vazio",
              "timedOut": null,
              "duration": 8125,
              "state": "passed",
              "speed": "medium",
              "pass": true,
              "fail": false,
              "pending": false,
              "context": null,
              "code": "cy.login('meuemailvalido@dominio.com', '');\ncy.verificarTextoErro('Password is required.');",
              "err": {},
              "uuid": "8966332a-19bd-4141-815a-5fe5366326ac",
              "parentUUID": "98b04c31-4d5e-41ce-9063-a9dcd39dca1a",
              "isHook": false,
              "skipped": false
            },
            {
              "title": "login com campo Username vazio e campo Password correto",
              "fullTitle": "página de login login com campo Username vazio e campo Password correto",
              "timedOut": null,
              "duration": 9542,
              "state": "passed",
              "speed": "medium",
              "pass": true,
              "fail": false,
              "pending": false,
              "context": null,
              "code": "cy.login('', '12senha34');\ncy.verificarTextoErro('Username is required.');",
              "err": {},
              "uuid": "beb9457a-e680-419b-8d3b-f21b604013f2",
              "parentUUID": "98b04c31-4d5e-41ce-9063-a9dcd39dca1a",
              "isHook": false,
              "skipped": false
            },
            {
              "title": "login com campos Username e Password vazios",
              "fullTitle": "página de login login com campos Username e Password vazios",
              "timedOut": null,
              "duration": 7668,
              "state": "passed",
              "speed": "medium",
              "pass": true,
              "fail": false,
              "pending": false,
              "context": null,
              "code": "cy.login('', '');\ncy.verificarTextoErro('Username is required.');",
              "err": {},
              "uuid": "ec0dd9f9-f0d7-4293-b85a-2297dc8326d5",
              "parentUUID": "98b04c31-4d5e-41ce-9063-a9dcd39dca1a",
              "isHook": false,
              "skipped": false
            },
            {
              "title": "login com informações de Password escondidas",
              "fullTitle": "página de login login com informações de Password escondidas",
              "timedOut": null,
              "duration": 3954,
              "state": "passed",
              "speed": "fast",
              "pass": true,
              "fail": false,
              "pending": false,
              "context": null,
              "code": "cy.get('#password').type('12senha34');\ncy.get('#password').should('have.attr', 'type', 'password');\n// se o tipo é password, a senha está escondida",
              "err": {},
              "uuid": "51bad31f-3e92-4815-91ae-d109da2e7ea3",
              "parentUUID": "98b04c31-4d5e-41ce-9063-a9dcd39dca1a",
              "isHook": false,
              "skipped": false
            },
            {
              "title": "login com campos Username e Password sensíveis a maiúsculas",
              "fullTitle": "página de login login com campos Username e Password sensíveis a maiúsculas",
              "timedOut": null,
              "duration": 5483,
              "state": "passed",
              "speed": "medium",
              "pass": true,
              "fail": false,
              "pending": false,
              "context": null,
              "code": "cy.login('ManoelaMartedi@hotmail.com', '12Senha34');\ncy.verificarTextoErro('The password you entered for the username');",
              "err": {},
              "uuid": "a3f226be-5b48-43a7-b258-d5fd0fe8e815",
              "parentUUID": "98b04c31-4d5e-41ce-9063-a9dcd39dca1a",
              "isHook": false,
              "skipped": false
            }
          ],
          "suites": [],
          "passes": [
            "5bbea7c6-8a26-4e04-9224-93ea3d4d26bd",
            "22671fba-b4b3-41ca-8bbd-72e9d0337415",
            "8966332a-19bd-4141-815a-5fe5366326ac",
            "beb9457a-e680-419b-8d3b-f21b604013f2",
            "ec0dd9f9-f0d7-4293-b85a-2297dc8326d5",
            "51bad31f-3e92-4815-91ae-d109da2e7ea3",
            "a3f226be-5b48-43a7-b258-d5fd0fe8e815"
          ],
          "failures": [],
          "pending": [],
          "skipped": [],
          "duration": 56879,
          "root": false,
          "rootEmpty": false,
          "_timeout": 2000
        }
      ],
      "passes": [],
      "failures": [],
      "pending": [],
      "skipped": [],
      "duration": 0,
      "root": true,
      "rootEmpty": true,
      "_timeout": 2000
    },
    {
      "uuid": "0138cdf8-6799-4708-857a-d864cb730736",
      "title": "",
      "fullFile": "cypress\\e2e\\minha-conta.cy.js",
      "file": "cypress\\e2e\\minha-conta.cy.js",
      "beforeHooks": [],
      "afterHooks": [],
      "tests": [],
      "suites": [
        {
          "uuid": "64c49fe9-c990-48f1-923d-6419dddac582",
          "title": "página de minha conta",
          "fullFile": "",
          "file": "",
          "beforeHooks": [],
          "afterHooks": [],
          "tests": [
            {
              "title": "exibir Dashboard após login",
              "fullTitle": "página de minha conta exibir Dashboard após login",
              "timedOut": null,
              "duration": 17324,
              "state": "passed",
              "speed": "slow",
              "pass": true,
              "fail": false,
              "pending": false,
              "context": null,
              "code": "cy.verificarURL('/my-account/');\n// verificar se a dashboard está visível\ncy.estaVisivel('.woocommerce-MyAccount-navigation');",
              "err": {},
              "uuid": "f64b9c02-fa23-4c40-aeb1-2ab1003779ea",
              "parentUUID": "64c49fe9-c990-48f1-923d-6419dddac582",
              "isHook": false,
              "skipped": false
            },
            {
              "title": "exibir pedidos ao navegar para Orders",
              "fullTitle": "página de minha conta exibir pedidos ao navegar para Orders",
              "timedOut": null,
              "duration": 15770,
              "state": "passed",
              "speed": "slow",
              "pass": true,
              "fail": false,
              "pending": false,
              "context": null,
              "code": "cy.clicar('.woocommerce-MyAccount-navigation-link--orders > a');\n// verificar se a tabela de pedidos existe\ncy.estaVisivel('.account-orders-table');",
              "err": {},
              "uuid": "9a606bb4-a096-46a4-9146-3f94cf1eb5b1",
              "parentUUID": "64c49fe9-c990-48f1-923d-6419dddac582",
              "isHook": false,
              "skipped": false
            },
            {
              "title": "exibir mais informações de pedido ao clicar em View em Orders",
              "fullTitle": "página de minha conta exibir mais informações de pedido ao clicar em View em Orders",
              "timedOut": null,
              "duration": 12250,
              "state": "passed",
              "speed": "slow",
              "pass": true,
              "fail": false,
              "pending": false,
              "context": null,
              "code": "cy.clicar('.woocommerce-MyAccount-navigation-link--orders > a');\ncy.clicar(':nth-child(1) > .order-actions > .button');\n// verificar mais informações do pedido\ncy.estaVisivel('.order_details');",
              "err": {},
              "uuid": "e90c7671-fecb-43b9-82ac-23b983ccae89",
              "parentUUID": "64c49fe9-c990-48f1-923d-6419dddac582",
              "isHook": false,
              "skipped": false
            },
            {
              "title": "exibir número de pedido, data de pedido e status do pedido ao clicar em View em Orders",
              "fullTitle": "página de minha conta exibir número de pedido, data de pedido e status do pedido ao clicar em View em Orders",
              "timedOut": null,
              "duration": 13653,
              "state": "passed",
              "speed": "slow",
              "pass": true,
              "fail": false,
              "pending": false,
              "context": null,
              "code": "cy.clicar('.woocommerce-MyAccount-navigation-link--orders > a');\ncy.clicar(':nth-child(1) > .order-actions > .button');\n// verificar mais informações do pedido\ncy.estaVisivel('.order_details');\ncy.estaVisivel('.order-number');\ncy.estaVisivel('.order-date');\ncy.estaVisivel('.order-status');",
              "err": {},
              "uuid": "2cefb352-72c3-4fed-8d27-bcbfdf15b58c",
              "parentUUID": "64c49fe9-c990-48f1-923d-6419dddac582",
              "isHook": false,
              "skipped": false
            },
            {
              "title": "exibir endereços ao clicar em Addresses",
              "fullTitle": "página de minha conta exibir endereços ao clicar em Addresses",
              "timedOut": null,
              "duration": 11331,
              "state": "passed",
              "speed": "slow",
              "pass": true,
              "fail": false,
              "pending": false,
              "context": null,
              "code": "cy.clicar('.woocommerce-MyAccount-navigation-link--edit-address > a');\n// verificar se tabela de endereços está visível\ncy.estaVisivel('.woocommerce-Addresses');\ncy.deveConter('.woocommerce-Addresses', 'Billing Address');\ncy.deveConter('.woocommerce-Addresses', 'Shipping Address');",
              "err": {},
              "uuid": "3cc750f2-68ee-4a3e-994f-9203dcf9d3a3",
              "parentUUID": "64c49fe9-c990-48f1-923d-6419dddac582",
              "isHook": false,
              "skipped": false
            },
            {
              "title": "editar Shipping Address em Adresses",
              "fullTitle": "página de minha conta editar Shipping Address em Adresses",
              "timedOut": null,
              "duration": 21019,
              "state": "passed",
              "speed": "slow",
              "pass": true,
              "fail": false,
              "pending": false,
              "context": null,
              "code": "cy.clicar('.woocommerce-MyAccount-navigation-link--edit-address > a');\ncy.clicar('.u-column2 > .woocommerce-Address-title > .edit');\ncy.limparCampos();\ncy.preencherShippingAddress({\n  nome: 'Nome Envio',\n  sobrenome: 'Sobrenome',\n  email: 'meuemailvalido@dominio.com',\n  telefone: '(11)99999-9999',\n  pais: 'Brazil',\n  endereco1: 'Meu Endereco de Entrega',\n  cidade: 'São Paulo',\n  estado: 'São Paulo',\n  cep: '99999999'\n});\ncy.clicar('.button');\ncy.verificarMensagem('Address changed successfully.');",
              "err": {},
              "uuid": "f1f524dc-adeb-4981-8d43-e19bb2db3998",
              "parentUUID": "64c49fe9-c990-48f1-923d-6419dddac582",
              "isHook": false,
              "skipped": false
            },
            {
              "title": "fazer logout da conta",
              "fullTitle": "página de minha conta fazer logout da conta",
              "timedOut": null,
              "duration": 10476,
              "state": "passed",
              "speed": "slow",
              "pass": true,
              "fail": false,
              "pending": false,
              "context": null,
              "code": "cy.clicar('.woocommerce-MyAccount-navigation-link--customer-logout > a');\n// verificação de logout\ncy.estaVisivel('.login');\ncy.estaVisivel('.register');",
              "err": {},
              "uuid": "c51816f3-3d32-4c54-9eeb-3b92e1f3650f",
              "parentUUID": "64c49fe9-c990-48f1-923d-6419dddac582",
              "isHook": false,
              "skipped": false
            },
            {
              "title": "exibir detalhes de conta e alterar senha",
              "fullTitle": "página de minha conta exibir detalhes de conta e alterar senha",
              "timedOut": null,
              "duration": 11408,
              "state": "passed",
              "speed": "slow",
              "pass": true,
              "fail": false,
              "pending": false,
              "context": null,
              "code": "cy.clicar('.woocommerce-MyAccount-navigation-link--edit-account > a');\ncy.estaVisivel('.woocommerce-EditAccountForm');\n// alterar senha\ncy.preencher('#password_current', '12senha34');\ncy.preencher('#password_1', '12Senha34');\ncy.preencher('#password_2', '12Senha34');\ncy.clicar('.woocommerce-Button');\ncy.verificarMensagem('Account details changed successfully.');",
              "err": {},
              "uuid": "f3af50a4-11fc-4835-8bd4-1f82bdbf92cd",
              "parentUUID": "64c49fe9-c990-48f1-923d-6419dddac582",
              "isHook": false,
              "skipped": false
            }
          ],
          "suites": [],
          "passes": [
            "f64b9c02-fa23-4c40-aeb1-2ab1003779ea",
            "9a606bb4-a096-46a4-9146-3f94cf1eb5b1",
            "e90c7671-fecb-43b9-82ac-23b983ccae89",
            "2cefb352-72c3-4fed-8d27-bcbfdf15b58c",
            "3cc750f2-68ee-4a3e-994f-9203dcf9d3a3",
            "f1f524dc-adeb-4981-8d43-e19bb2db3998",
            "c51816f3-3d32-4c54-9eeb-3b92e1f3650f",
            "f3af50a4-11fc-4835-8bd4-1f82bdbf92cd"
          ],
          "failures": [],
          "pending": [],
          "skipped": [],
          "duration": 113231,
          "root": false,
          "rootEmpty": false,
          "_timeout": 2000
        }
      ],
      "passes": [],
      "failures": [],
      "pending": [],
      "skipped": [],
      "duration": 0,
      "root": true,
      "rootEmpty": true,
      "_timeout": 2000
    },
    {
      "uuid": "ed8b3397-62a2-4934-95b4-f807bcd9bf03",
      "title": "",
      "fullFile": "cypress\\e2e\\pagina-compras.cy.js",
      "file": "cypress\\e2e\\pagina-compras.cy.js",
      "beforeHooks": [],
      "afterHooks": [],
      "tests": [],
      "suites": [
        {
          "uuid": "3b76f5be-fc49-4640-9839-8e654e01662f",
          "title": "página de compras",
          "fullFile": "",
          "file": "",
          "beforeHooks": [],
          "afterHooks": [],
          "tests": [
            {
              "title": "arrastar slider para filtrar preço",
              "fullTitle": "página de compras arrastar slider para filtrar preço",
              "timedOut": null,
              "duration": 13775,
              "state": "passed",
              "speed": "slow",
              "pass": true,
              "fail": false,
              "pending": false,
              "context": null,
              "code": "cy.arrastarSlider('85.7413'); // ação de arrastar slider para 450\ncy.deveTerValor('input[name=\"max_price\"]', '450'); // verificação de preço máximo\ncy.clicar('button[type=\"submit\"]');\n// verificação de produto com preço maior do que 450\ncy.naoDeveExistir('.post-160');",
              "err": {},
              "uuid": "0aeaf90b-e5d4-4dab-941d-3a99ed9f24e6",
              "parentUUID": "3b76f5be-fc49-4640-9839-8e654e01662f",
              "isHook": false,
              "skipped": false
            },
            {
              "title": "filtrar por categoria javascript",
              "fullTitle": "página de compras filtrar por categoria javascript",
              "timedOut": null,
              "duration": 8344,
              "state": "passed",
              "speed": "medium",
              "pass": true,
              "fail": false,
              "pending": false,
              "context": null,
              "code": "// clicar no filtro JavaScript\ncy.clicar('.cat-item-21 > a');\ncy.verificarURL('/product-category/javascript/');",
              "err": {},
              "uuid": "84e046d3-d6bd-4f1c-ab87-a3cbeba10b2b",
              "parentUUID": "3b76f5be-fc49-4640-9839-8e654e01662f",
              "isHook": false,
              "skipped": false
            },
            {
              "title": "ordenar por popularidade",
              "fullTitle": "página de compras ordenar por popularidade",
              "timedOut": null,
              "duration": 8228,
              "state": "passed",
              "speed": "medium",
              "pass": true,
              "fail": false,
              "pending": false,
              "context": null,
              "code": "cy.ordenarProdutosPor('popularity');\n// verificar dois primeiros itens\ncy.verificarProdutos(0, 'post-169');\ncy.verificarProdutos(1, 'post-160');",
              "err": {},
              "uuid": "6f061711-f1b1-4eac-b7cf-92c4c7b401b5",
              "parentUUID": "3b76f5be-fc49-4640-9839-8e654e01662f",
              "isHook": false,
              "skipped": false
            },
            {
              "title": "ordenar por avaliações",
              "fullTitle": "página de compras ordenar por avaliações",
              "timedOut": null,
              "duration": 7790,
              "state": "passed",
              "speed": "medium",
              "pass": true,
              "fail": false,
              "pending": false,
              "context": null,
              "code": "cy.ordenarProdutosPor('rating');\n// verificar dois primeiros itens\ncy.verificarProdutos(0, 'post-160');\ncy.verificarProdutos(1, 'post-165');",
              "err": {},
              "uuid": "056f7d16-4ffd-4465-bbf2-98dd39dbe025",
              "parentUUID": "3b76f5be-fc49-4640-9839-8e654e01662f",
              "isHook": false,
              "skipped": false
            },
            {
              "title": "ordenar por data",
              "fullTitle": "página de compras ordenar por data",
              "timedOut": null,
              "duration": 8704,
              "state": "passed",
              "speed": "medium",
              "pass": true,
              "fail": false,
              "pending": false,
              "context": null,
              "code": "cy.ordenarProdutosPor('date');\n// verificar dois primeiros itens\ncy.verificarProdutos(0, 'post-182');\ncy.verificarProdutos(1, 'post-181');",
              "err": {},
              "uuid": "01570298-9377-4abd-b617-ec012d5565a4",
              "parentUUID": "3b76f5be-fc49-4640-9839-8e654e01662f",
              "isHook": false,
              "skipped": false
            },
            {
              "title": "ordenar por preço em ordem crescente",
              "fullTitle": "página de compras ordenar por preço em ordem crescente",
              "timedOut": null,
              "duration": 5882,
              "state": "passed",
              "speed": "medium",
              "pass": true,
              "fail": false,
              "pending": false,
              "context": null,
              "code": "cy.ordenarProdutosPor('price');\n// verificar dois primeiros itens\ncy.verificarProdutos(0, 'post-180');\ncy.verificarProdutos(1, 'post-182');",
              "err": {},
              "uuid": "74bc2460-1b0e-4cec-a0aa-17f20bc01f37",
              "parentUUID": "3b76f5be-fc49-4640-9839-8e654e01662f",
              "isHook": false,
              "skipped": false
            },
            {
              "title": "ordenar por preço em ordem decrescente",
              "fullTitle": "página de compras ordenar por preço em ordem decrescente",
              "timedOut": null,
              "duration": 6168,
              "state": "passed",
              "speed": "medium",
              "pass": true,
              "fail": false,
              "pending": false,
              "context": null,
              "code": "cy.ordenarProdutosPor('price-desc');\n// verificar dois primeiros itens\ncy.verificarProdutos(0, 'post-160');\ncy.verificarProdutos(1, 'post-169');",
              "err": {},
              "uuid": "4a2b929d-3c8c-4985-98fb-ab7d576a0852",
              "parentUUID": "3b76f5be-fc49-4640-9839-8e654e01662f",
              "isHook": false,
              "skipped": false
            },
            {
              "title": "botão de ler mais que indica produto fora de estoque",
              "fullTitle": "página de compras botão de ler mais que indica produto fora de estoque",
              "timedOut": null,
              "duration": 9610,
              "state": "failed",
              "speed": null,
              "pass": false,
              "fail": true,
              "pending": false,
              "context": null,
              "code": "// tentativa de procurar botão read more e clicar\ncy.clicar(cy.contains('button', 'read more'));\n// verificar se produto está fora de estoque\ncy.estaVisivel('Out Of Stock');\ncy.get('button[type=\"submit\"]').should('be.disabled');\n// (ERRO) não existe produto fora de estoque",
              "err": {
                "message": "AssertionError: Timed out retrying after 4000ms: Expected to find content: 'read more' within the selector: 'button' but never did.",
                "estack": "AssertionError: Timed out retrying after 4000ms: Expected to find content: 'read more' within the selector: 'button' but never did.\n    at Context.eval (webpack://automacao_solutis/./cypress/e2e/pagina-compras.cy.js:60:17)",
                "diff": null
              },
              "uuid": "0589cd0a-73b2-4971-bb91-0d23ff8ed11c",
              "parentUUID": "3b76f5be-fc49-4640-9839-8e654e01662f",
              "isHook": false,
              "skipped": false
            },
            {
              "title": "exibir desconto em produto",
              "fullTitle": "página de compras exibir desconto em produto",
              "timedOut": null,
              "duration": 9008,
              "state": "passed",
              "speed": "medium",
              "pass": true,
              "fail": false,
              "pending": false,
              "context": null,
              "code": "// exemplo de elemento com SALE!\ncy.estaVisivel('.onsale');\ncy.clicar('.post-169');\n// verificando se possui preço antigo e preço novo\ncy.deveTerTamanho('.woocommerce-Price-amount', 2);",
              "err": {},
              "uuid": "ecb94c37-b946-414f-8794-a691985cf458",
              "parentUUID": "3b76f5be-fc49-4640-9839-8e654e01662f",
              "isHook": false,
              "skipped": false
            },
            {
              "title": "efetuar compra corretamente",
              "fullTitle": "página de compras efetuar compra corretamente",
              "timedOut": null,
              "duration": 17758,
              "state": "passed",
              "speed": "slow",
              "pass": true,
              "fail": false,
              "pending": false,
              "context": null,
              "code": "// acessar carrinho após adicionar elemento exemplo\ncy.clicar('.post-169 .add_to_cart_button');\ncy.clicar('.post-169 .added_to_cart');\ncy.estaVisivel('.cart_totals'); // verificar visibilidade da tabela\ncy.clicar('.checkout-button');\n// verificar componentes na página de checkout\ncy.estaVisivel('.woocommerce-billing-fields');\ncy.estaVisivel('.woocommerce-shipping-fields');\ncy.estaVisivel('.wc_payment_methods');\ncy.verificarSubtotalMenor(); // verificar se o subtotal é menor do que o preço total\ncy.preencherDetalhesFaturamento({\n  nome: 'Nome',\n  sobrenome: 'Sobrenome',\n  email: 'meuemailvalido@dominio.com',\n  telefone: '(11)99999-9999',\n  pais: 'Brazil',\n  endereco1: 'Meu Endereco',\n  endereco2: 'em São Paulo',\n  cidade: 'São Paulo',\n  estado: 'São Paulo',\n  cep: '99999999'\n});\ncy.clicar('#payment_method_cod'); // exemplo de alteração de método de pagamento\ncy.clicar('#place_order'); // prosseguir com compra\n// verificar nova URL\ncy.verificarURL('/checkout/order-received/');",
              "err": {},
              "uuid": "0551859c-643a-4dff-86cb-60d598f46519",
              "parentUUID": "3b76f5be-fc49-4640-9839-8e654e01662f",
              "isHook": false,
              "skipped": false
            },
            {
              "title": "visualizar informações de carrinho e acessar carrinho pelo menu",
              "fullTitle": "página de compras visualizar informações de carrinho e acessar carrinho pelo menu",
              "timedOut": null,
              "duration": 9657,
              "state": "passed",
              "speed": "medium",
              "pass": true,
              "fail": false,
              "pending": false,
              "context": null,
              "code": "cy.clicar('.post-169 .add_to_cart_button'); // adicionar elemento exemplo ao carrinho\ncy.clicar('#menu-icon');\ncy.deveConter('.cartcontents', '1 item'); // verificar se é possível consultar a quantidade de itens pelo menu\ncy.estaVisivel('.amount'); // verificar se o preço está visível\ncy.clicar('.wpmenucartli');\ncy.verificarURL('/basket/'); // cesta de compras",
              "err": {},
              "uuid": "53fe3ed9-3e84-4418-a3c9-361b274b6ccf",
              "parentUUID": "3b76f5be-fc49-4640-9839-8e654e01662f",
              "isHook": false,
              "skipped": false
            },
            {
              "title": "verificar tipos de taxa: indiana (2%) e restantes (5%)",
              "fullTitle": "página de compras verificar tipos de taxa: indiana (2%) e restantes (5%)",
              "timedOut": null,
              "duration": 10113,
              "state": "passed",
              "speed": "slow",
              "pass": true,
              "fail": false,
              "pending": false,
              "context": null,
              "code": "// adicionar elemento exemplo ao carrinho\ncy.clicar('.post-169 .add_to_cart_button');\n// acessar carrinho via botão View Basket\ncy.clicar('.post-169 .added_to_cart');\ncy.clicar('.checkout-button');\n// verificar se existem os valores para subtotal, taxa e total\ncy.estaVisivel('.woocommerce-Price-amount');\ncy.estaVisivel('.order-total', '.woocommerce-Price-amount');\ncy.estaVisivel('.tax-rate', '.woocommerce-Price-amount');\n// verificar se o subtotal é menor do que o preço total\ncy.verificarSubtotalMenor();\n// verificar taxa indiana (padrão)\ncy.verificarTaxa(0.02);\n// alterar dados de envio para Brazil, São Paulo\ncy.alterarDadosDeEnvio('Brazil', 'São Paulo');\n// a taxa agora deve ser 5% do subtotal\ncy.verificarTaxa(0.05);",
              "err": {},
              "uuid": "0611072f-bbbb-4321-a7e6-51eca1ebec74",
              "parentUUID": "3b76f5be-fc49-4640-9839-8e654e01662f",
              "isHook": false,
              "skipped": false
            }
          ],
          "suites": [],
          "passes": [
            "0aeaf90b-e5d4-4dab-941d-3a99ed9f24e6",
            "84e046d3-d6bd-4f1c-ab87-a3cbeba10b2b",
            "6f061711-f1b1-4eac-b7cf-92c4c7b401b5",
            "056f7d16-4ffd-4465-bbf2-98dd39dbe025",
            "01570298-9377-4abd-b617-ec012d5565a4",
            "74bc2460-1b0e-4cec-a0aa-17f20bc01f37",
            "4a2b929d-3c8c-4985-98fb-ab7d576a0852",
            "ecb94c37-b946-414f-8794-a691985cf458",
            "0551859c-643a-4dff-86cb-60d598f46519",
            "53fe3ed9-3e84-4418-a3c9-361b274b6ccf",
            "0611072f-bbbb-4321-a7e6-51eca1ebec74"
          ],
          "failures": [
            "0589cd0a-73b2-4971-bb91-0d23ff8ed11c"
          ],
          "pending": [],
          "skipped": [],
          "duration": 115037,
          "root": false,
          "rootEmpty": false,
          "_timeout": 2000
        }
      ],
      "passes": [],
      "failures": [],
      "pending": [],
      "skipped": [],
      "duration": 0,
      "root": true,
      "rootEmpty": true,
      "_timeout": 2000
    },
    {
      "uuid": "52c225e3-b255-4028-bd1b-236d2710ffc9",
      "title": "",
      "fullFile": "cypress\\e2e\\registro.cy.js",
      "file": "cypress\\e2e\\registro.cy.js",
      "beforeHooks": [],
      "afterHooks": [],
      "tests": [],
      "suites": [
        {
          "uuid": "d63d16e6-e050-4ac1-83ce-4368303f622c",
          "title": "página de registro",
          "fullFile": "",
          "file": "",
          "beforeHooks": [],
          "afterHooks": [],
          "tests": [
            {
              "title": "registro com campos Email address e Password válidos",
              "fullTitle": "página de registro registro com campos Email address e Password válidos",
              "timedOut": null,
              "duration": 18303,
              "state": "passed",
              "speed": "slow",
              "pass": true,
              "fail": false,
              "pending": false,
              "context": null,
              "code": "cy.registro('meuemailvalido1000@solutis.com', '12Senha34567890');\ncy.verificarURL('/my-account/'); // verificar se está na página de conta",
              "err": {},
              "uuid": "bc7245c5-1523-4bb9-b10b-e99e68d74e99",
              "parentUUID": "d63d16e6-e050-4ac1-83ce-4368303f622c",
              "isHook": false,
              "skipped": false
            },
            {
              "title": "registro com Email address inválido e Password válido",
              "fullTitle": "página de registro registro com Email address inválido e Password válido",
              "timedOut": null,
              "duration": 13089,
              "state": "passed",
              "speed": "slow",
              "pass": true,
              "fail": false,
              "pending": false,
              "context": null,
              "code": "cy.registro('meuemail@invalido', '12Senha34567890');\ncy.verificarTextoErro('Please provide a valid email address.');",
              "err": {},
              "uuid": "36278b5d-c5ed-443b-8614-0641b7ef37a3",
              "parentUUID": "d63d16e6-e050-4ac1-83ce-4368303f622c",
              "isHook": false,
              "skipped": false
            },
            {
              "title": "registro com Email address vazio e Password válido",
              "fullTitle": "página de registro registro com Email address vazio e Password válido",
              "timedOut": null,
              "duration": 10559,
              "state": "passed",
              "speed": "slow",
              "pass": true,
              "fail": false,
              "pending": false,
              "context": null,
              "code": "cy.registro('', '12Senha34567890');\ncy.verificarTextoErro('Please provide a valid email address.');",
              "err": {},
              "uuid": "e3169499-72f2-45a1-937e-8fb4117ff7a6",
              "parentUUID": "d63d16e6-e050-4ac1-83ce-4368303f622c",
              "isHook": false,
              "skipped": false
            },
            {
              "title": "registro com Password vazio e Email address válido",
              "fullTitle": "página de registro registro com Password vazio e Email address válido",
              "timedOut": null,
              "duration": 12000,
              "state": "passed",
              "speed": "slow",
              "pass": true,
              "fail": false,
              "pending": false,
              "context": null,
              "code": "cy.registro('meuemailvalido@solutis.com', '');\ncy.verificarTextoErro('Please enter an account password.');",
              "err": {},
              "uuid": "d5bccdf0-c16d-411e-b6e2-82d7ddb25a7f",
              "parentUUID": "d63d16e6-e050-4ac1-83ce-4368303f622c",
              "isHook": false,
              "skipped": false
            },
            {
              "title": "registro com Email addres e Password vazios",
              "fullTitle": "página de registro registro com Email addres e Password vazios",
              "timedOut": null,
              "duration": 9782,
              "state": "passed",
              "speed": "medium",
              "pass": true,
              "fail": false,
              "pending": false,
              "context": null,
              "code": "cy.registro('', '');\ncy.verificarTextoErro('Please provide a valid email address.');",
              "err": {},
              "uuid": "ed963b52-7d7b-4b3a-9b3c-63f42ac830ea",
              "parentUUID": "d63d16e6-e050-4ac1-83ce-4368303f622c",
              "isHook": false,
              "skipped": false
            }
          ],
          "suites": [],
          "passes": [
            "bc7245c5-1523-4bb9-b10b-e99e68d74e99",
            "36278b5d-c5ed-443b-8614-0641b7ef37a3",
            "e3169499-72f2-45a1-937e-8fb4117ff7a6",
            "d5bccdf0-c16d-411e-b6e2-82d7ddb25a7f",
            "ed963b52-7d7b-4b3a-9b3c-63f42ac830ea"
          ],
          "failures": [],
          "pending": [],
          "skipped": [],
          "duration": 63733,
          "root": false,
          "rootEmpty": false,
          "_timeout": 2000
        }
      ],
      "passes": [],
      "failures": [],
      "pending": [],
      "skipped": [],
      "duration": 0,
      "root": true,
      "rootEmpty": true,
      "_timeout": 2000
    }
  ],
  "meta": {
    "mocha": {
      "version": "7.0.1"
    },
    "mochawesome": {
      "options": {
        "quiet": false,
        "reportFilename": "mochawesome",
        "saveHtml": false,
        "saveJson": true,
        "consoleReporter": "spec",
        "useInlineDiffs": false,
        "code": true
      },
      "version": "7.1.3"
    },
    "marge": {
      "options": {
        "reportDir": "cypress/results",
        "overwrite": false,
        "html": false,
        "json": true,
        "timestamp": "mmddyyyy_HHMMss"
      },
      "version": "6.2.0"
    }
  }
}