{
  "stats": {
    "suites": 1,
    "tests": 5,
    "passes": 5,
    "pending": 0,
    "failures": 0,
    "start": "2024-11-21T22:47:13.785Z",
    "end": "2024-11-21T22:48:21.666Z",
    "duration": 67881,
    "testsRegistered": 5,
    "passPercent": 100,
    "pendingPercent": 0,
    "other": 0,
    "hasOther": false,
    "skipped": 0,
    "hasSkipped": false
  },
  "results": [
    {
      "uuid": "52c225e3-b255-4028-bd1b-236d2710ffc9",
      "title": "",
      "fullFile": "cypress\\e2e\\registro.cy.js",
      "file": "cypress\\e2e\\registro.cy.js",
      "beforeHooks": [],
      "afterHooks": [],
      "tests": [],
      "suites": [
        {
          "uuid": "d63d16e6-e050-4ac1-83ce-4368303f622c",
          "title": "página de registro",
          "fullFile": "",
          "file": "",
          "beforeHooks": [],
          "afterHooks": [],
          "tests": [
            {
              "title": "registro com campos Email address e Password válidos",
              "fullTitle": "página de registro registro com campos Email address e Password válidos",
              "timedOut": null,
              "duration": 18303,
              "state": "passed",
              "speed": "slow",
              "pass": true,
              "fail": false,
              "pending": false,
              "context": null,
              "code": "cy.registro('meuemailvalido1000@solutis.com', '12Senha34567890');\ncy.verificarURL('/my-account/'); // verificar se está na página de conta",
              "err": {},
              "uuid": "bc7245c5-1523-4bb9-b10b-e99e68d74e99",
              "parentUUID": "d63d16e6-e050-4ac1-83ce-4368303f622c",
              "isHook": false,
              "skipped": false
            },
            {
              "title": "registro com Email address inválido e Password válido",
              "fullTitle": "página de registro registro com Email address inválido e Password válido",
              "timedOut": null,
              "duration": 13089,
              "state": "passed",
              "speed": "slow",
              "pass": true,
              "fail": false,
              "pending": false,
              "context": null,
              "code": "cy.registro('meuemail@invalido', '12Senha34567890');\ncy.verificarTextoErro('Please provide a valid email address.');",
              "err": {},
              "uuid": "36278b5d-c5ed-443b-8614-0641b7ef37a3",
              "parentUUID": "d63d16e6-e050-4ac1-83ce-4368303f622c",
              "isHook": false,
              "skipped": false
            },
            {
              "title": "registro com Email address vazio e Password válido",
              "fullTitle": "página de registro registro com Email address vazio e Password válido",
              "timedOut": null,
              "duration": 10559,
              "state": "passed",
              "speed": "slow",
              "pass": true,
              "fail": false,
              "pending": false,
              "context": null,
              "code": "cy.registro('', '12Senha34567890');\ncy.verificarTextoErro('Please provide a valid email address.');",
              "err": {},
              "uuid": "e3169499-72f2-45a1-937e-8fb4117ff7a6",
              "parentUUID": "d63d16e6-e050-4ac1-83ce-4368303f622c",
              "isHook": false,
              "skipped": false
            },
            {
              "title": "registro com Password vazio e Email address válido",
              "fullTitle": "página de registro registro com Password vazio e Email address válido",
              "timedOut": null,
              "duration": 12000,
              "state": "passed",
              "speed": "slow",
              "pass": true,
              "fail": false,
              "pending": false,
              "context": null,
              "code": "cy.registro('meuemailvalido@solutis.com', '');\ncy.verificarTextoErro('Please enter an account password.');",
              "err": {},
              "uuid": "d5bccdf0-c16d-411e-b6e2-82d7ddb25a7f",
              "parentUUID": "d63d16e6-e050-4ac1-83ce-4368303f622c",
              "isHook": false,
              "skipped": false
            },
            {
              "title": "registro com Email addres e Password vazios",
              "fullTitle": "página de registro registro com Email addres e Password vazios",
              "timedOut": null,
              "duration": 9782,
              "state": "passed",
              "speed": "medium",
              "pass": true,
              "fail": false,
              "pending": false,
              "context": null,
              "code": "cy.registro('', '');\ncy.verificarTextoErro('Please provide a valid email address.');",
              "err": {},
              "uuid": "ed963b52-7d7b-4b3a-9b3c-63f42ac830ea",
              "parentUUID": "d63d16e6-e050-4ac1-83ce-4368303f622c",
              "isHook": false,
              "skipped": false
            }
          ],
          "suites": [],
          "passes": [
            "bc7245c5-1523-4bb9-b10b-e99e68d74e99",
            "36278b5d-c5ed-443b-8614-0641b7ef37a3",
            "e3169499-72f2-45a1-937e-8fb4117ff7a6",
            "d5bccdf0-c16d-411e-b6e2-82d7ddb25a7f",
            "ed963b52-7d7b-4b3a-9b3c-63f42ac830ea"
          ],
          "failures": [],
          "pending": [],
          "skipped": [],
          "duration": 63733,
          "root": false,
          "rootEmpty": false,
          "_timeout": 2000
        }
      ],
      "passes": [],
      "failures": [],
      "pending": [],
      "skipped": [],
      "duration": 0,
      "root": true,
      "rootEmpty": true,
      "_timeout": 2000
    }
  ],
  "meta": {
    "mocha": {
      "version": "7.0.1"
    },
    "mochawesome": {
      "options": {
        "quiet": false,
        "reportFilename": "mochawesome",
        "saveHtml": false,
        "saveJson": true,
        "consoleReporter": "spec",
        "useInlineDiffs": false,
        "code": true
      },
      "version": "7.1.3"
    },
    "marge": {
      "options": {
        "reportDir": "cypress/results",
        "overwrite": false,
        "html": false,
        "json": true,
        "timestamp": "mmddyyyy_HHMMss"
      },
      "version": "6.2.0"
    }
  }
}