{
  "stats": {
    "suites": 1,
    "tests": 8,
    "passes": 8,
    "pending": 0,
    "failures": 0,
    "start": "2024-11-21T21:39:26.788Z",
    "end": "2024-11-21T21:41:23.810Z",
    "duration": 117022,
    "testsRegistered": 8,
    "passPercent": 100,
    "pendingPercent": 0,
    "other": 0,
    "hasOther": false,
    "skipped": 0,
    "hasSkipped": false
  },
  "results": [
    {
      "uuid": "0138cdf8-6799-4708-857a-d864cb730736",
      "title": "",
      "fullFile": "cypress\\e2e\\minha-conta.cy.js",
      "file": "cypress\\e2e\\minha-conta.cy.js",
      "beforeHooks": [],
      "afterHooks": [],
      "tests": [],
      "suites": [
        {
          "uuid": "64c49fe9-c990-48f1-923d-6419dddac582",
          "title": "página de minha conta",
          "fullFile": "",
          "file": "",
          "beforeHooks": [],
          "afterHooks": [],
          "tests": [
            {
              "title": "exibir Dashboard após login",
              "fullTitle": "página de minha conta exibir Dashboard após login",
              "timedOut": null,
              "duration": 17324,
              "state": "passed",
              "speed": "slow",
              "pass": true,
              "fail": false,
              "pending": false,
              "context": null,
              "code": "cy.verificarURL('/my-account/');\n// verificar se a dashboard está visível\ncy.estaVisivel('.woocommerce-MyAccount-navigation');",
              "err": {},
              "uuid": "f64b9c02-fa23-4c40-aeb1-2ab1003779ea",
              "parentUUID": "64c49fe9-c990-48f1-923d-6419dddac582",
              "isHook": false,
              "skipped": false
            },
            {
              "title": "exibir pedidos ao navegar para Orders",
              "fullTitle": "página de minha conta exibir pedidos ao navegar para Orders",
              "timedOut": null,
              "duration": 15770,
              "state": "passed",
              "speed": "slow",
              "pass": true,
              "fail": false,
              "pending": false,
              "context": null,
              "code": "cy.clicar('.woocommerce-MyAccount-navigation-link--orders > a');\n// verificar se a tabela de pedidos existe\ncy.estaVisivel('.account-orders-table');",
              "err": {},
              "uuid": "9a606bb4-a096-46a4-9146-3f94cf1eb5b1",
              "parentUUID": "64c49fe9-c990-48f1-923d-6419dddac582",
              "isHook": false,
              "skipped": false
            },
            {
              "title": "exibir mais informações de pedido ao clicar em View em Orders",
              "fullTitle": "página de minha conta exibir mais informações de pedido ao clicar em View em Orders",
              "timedOut": null,
              "duration": 12250,
              "state": "passed",
              "speed": "slow",
              "pass": true,
              "fail": false,
              "pending": false,
              "context": null,
              "code": "cy.clicar('.woocommerce-MyAccount-navigation-link--orders > a');\ncy.clicar(':nth-child(1) > .order-actions > .button');\n// verificar mais informações do pedido\ncy.estaVisivel('.order_details');",
              "err": {},
              "uuid": "e90c7671-fecb-43b9-82ac-23b983ccae89",
              "parentUUID": "64c49fe9-c990-48f1-923d-6419dddac582",
              "isHook": false,
              "skipped": false
            },
            {
              "title": "exibir número de pedido, data de pedido e status do pedido ao clicar em View em Orders",
              "fullTitle": "página de minha conta exibir número de pedido, data de pedido e status do pedido ao clicar em View em Orders",
              "timedOut": null,
              "duration": 13653,
              "state": "passed",
              "speed": "slow",
              "pass": true,
              "fail": false,
              "pending": false,
              "context": null,
              "code": "cy.clicar('.woocommerce-MyAccount-navigation-link--orders > a');\ncy.clicar(':nth-child(1) > .order-actions > .button');\n// verificar mais informações do pedido\ncy.estaVisivel('.order_details');\ncy.estaVisivel('.order-number');\ncy.estaVisivel('.order-date');\ncy.estaVisivel('.order-status');",
              "err": {},
              "uuid": "2cefb352-72c3-4fed-8d27-bcbfdf15b58c",
              "parentUUID": "64c49fe9-c990-48f1-923d-6419dddac582",
              "isHook": false,
              "skipped": false
            },
            {
              "title": "exibir endereços ao clicar em Addresses",
              "fullTitle": "página de minha conta exibir endereços ao clicar em Addresses",
              "timedOut": null,
              "duration": 11331,
              "state": "passed",
              "speed": "slow",
              "pass": true,
              "fail": false,
              "pending": false,
              "context": null,
              "code": "cy.clicar('.woocommerce-MyAccount-navigation-link--edit-address > a');\n// verificar se tabela de endereços está visível\ncy.estaVisivel('.woocommerce-Addresses');\ncy.deveConter('.woocommerce-Addresses', 'Billing Address');\ncy.deveConter('.woocommerce-Addresses', 'Shipping Address');",
              "err": {},
              "uuid": "3cc750f2-68ee-4a3e-994f-9203dcf9d3a3",
              "parentUUID": "64c49fe9-c990-48f1-923d-6419dddac582",
              "isHook": false,
              "skipped": false
            },
            {
              "title": "editar Shipping Address em Adresses",
              "fullTitle": "página de minha conta editar Shipping Address em Adresses",
              "timedOut": null,
              "duration": 21019,
              "state": "passed",
              "speed": "slow",
              "pass": true,
              "fail": false,
              "pending": false,
              "context": null,
              "code": "cy.clicar('.woocommerce-MyAccount-navigation-link--edit-address > a');\ncy.clicar('.u-column2 > .woocommerce-Address-title > .edit');\ncy.limparCampos();\ncy.preencherShippingAddress({\n  nome: 'Nome Envio',\n  sobrenome: 'Sobrenome',\n  email: 'meuemailvalido@dominio.com',\n  telefone: '(11)99999-9999',\n  pais: 'Brazil',\n  endereco1: 'Meu Endereco de Entrega',\n  cidade: 'São Paulo',\n  estado: 'São Paulo',\n  cep: '99999999'\n});\ncy.clicar('.button');\ncy.verificarMensagem('Address changed successfully.');",
              "err": {},
              "uuid": "f1f524dc-adeb-4981-8d43-e19bb2db3998",
              "parentUUID": "64c49fe9-c990-48f1-923d-6419dddac582",
              "isHook": false,
              "skipped": false
            },
            {
              "title": "fazer logout da conta",
              "fullTitle": "página de minha conta fazer logout da conta",
              "timedOut": null,
              "duration": 10476,
              "state": "passed",
              "speed": "slow",
              "pass": true,
              "fail": false,
              "pending": false,
              "context": null,
              "code": "cy.clicar('.woocommerce-MyAccount-navigation-link--customer-logout > a');\n// verificação de logout\ncy.estaVisivel('.login');\ncy.estaVisivel('.register');",
              "err": {},
              "uuid": "c51816f3-3d32-4c54-9eeb-3b92e1f3650f",
              "parentUUID": "64c49fe9-c990-48f1-923d-6419dddac582",
              "isHook": false,
              "skipped": false
            },
            {
              "title": "exibir detalhes de conta e alterar senha",
              "fullTitle": "página de minha conta exibir detalhes de conta e alterar senha",
              "timedOut": null,
              "duration": 11408,
              "state": "passed",
              "speed": "slow",
              "pass": true,
              "fail": false,
              "pending": false,
              "context": null,
              "code": "cy.clicar('.woocommerce-MyAccount-navigation-link--edit-account > a');\ncy.estaVisivel('.woocommerce-EditAccountForm');\n// alterar senha\ncy.preencher('#password_current', '12senha34');\ncy.preencher('#password_1', '12Senha34');\ncy.preencher('#password_2', '12Senha34');\ncy.clicar('.woocommerce-Button');\ncy.verificarMensagem('Account details changed successfully.');",
              "err": {},
              "uuid": "f3af50a4-11fc-4835-8bd4-1f82bdbf92cd",
              "parentUUID": "64c49fe9-c990-48f1-923d-6419dddac582",
              "isHook": false,
              "skipped": false
            }
          ],
          "suites": [],
          "passes": [
            "f64b9c02-fa23-4c40-aeb1-2ab1003779ea",
            "9a606bb4-a096-46a4-9146-3f94cf1eb5b1",
            "e90c7671-fecb-43b9-82ac-23b983ccae89",
            "2cefb352-72c3-4fed-8d27-bcbfdf15b58c",
            "3cc750f2-68ee-4a3e-994f-9203dcf9d3a3",
            "f1f524dc-adeb-4981-8d43-e19bb2db3998",
            "c51816f3-3d32-4c54-9eeb-3b92e1f3650f",
            "f3af50a4-11fc-4835-8bd4-1f82bdbf92cd"
          ],
          "failures": [],
          "pending": [],
          "skipped": [],
          "duration": 113231,
          "root": false,
          "rootEmpty": false,
          "_timeout": 2000
        }
      ],
      "passes": [],
      "failures": [],
      "pending": [],
      "skipped": [],
      "duration": 0,
      "root": true,
      "rootEmpty": true,
      "_timeout": 2000
    }
  ],
  "meta": {
    "mocha": {
      "version": "7.0.1"
    },
    "mochawesome": {
      "options": {
        "quiet": false,
        "reportFilename": "mochawesome",
        "saveHtml": false,
        "saveJson": true,
        "consoleReporter": "spec",
        "useInlineDiffs": false,
        "code": true
      },
      "version": "7.1.3"
    },
    "marge": {
      "options": {
        "reportDir": "cypress/results",
        "overwrite": false,
        "html": false,
        "json": true,
        "timestamp": "mmddyyyy_HHMMss"
      },
      "version": "6.2.0"
    }
  }
}