{
  "stats": {
    "suites": 1,
    "tests": 12,
    "passes": 11,
    "pending": 0,
    "failures": 1,
    "start": "2024-11-21T21:41:26.574Z",
    "end": "2024-11-21T21:43:24.293Z",
    "duration": 117719,
    "testsRegistered": 12,
    "passPercent": 91.66666666666666,
    "pendingPercent": 0,
    "other": 0,
    "hasOther": false,
    "skipped": 0,
    "hasSkipped": false
  },
  "results": [
    {
      "uuid": "ed8b3397-62a2-4934-95b4-f807bcd9bf03",
      "title": "",
      "fullFile": "cypress\\e2e\\pagina-compras.cy.js",
      "file": "cypress\\e2e\\pagina-compras.cy.js",
      "beforeHooks": [],
      "afterHooks": [],
      "tests": [],
      "suites": [
        {
          "uuid": "3b76f5be-fc49-4640-9839-8e654e01662f",
          "title": "página de compras",
          "fullFile": "",
          "file": "",
          "beforeHooks": [],
          "afterHooks": [],
          "tests": [
            {
              "title": "arrastar slider para filtrar preço",
              "fullTitle": "página de compras arrastar slider para filtrar preço",
              "timedOut": null,
              "duration": 13775,
              "state": "passed",
              "speed": "slow",
              "pass": true,
              "fail": false,
              "pending": false,
              "context": null,
              "code": "cy.arrastarSlider('85.7413'); // ação de arrastar slider para 450\ncy.deveTerValor('input[name=\"max_price\"]', '450'); // verificação de preço máximo\ncy.clicar('button[type=\"submit\"]');\n// verificação de produto com preço maior do que 450\ncy.naoDeveExistir('.post-160');",
              "err": {},
              "uuid": "0aeaf90b-e5d4-4dab-941d-3a99ed9f24e6",
              "parentUUID": "3b76f5be-fc49-4640-9839-8e654e01662f",
              "isHook": false,
              "skipped": false
            },
            {
              "title": "filtrar por categoria javascript",
              "fullTitle": "página de compras filtrar por categoria javascript",
              "timedOut": null,
              "duration": 8344,
              "state": "passed",
              "speed": "medium",
              "pass": true,
              "fail": false,
              "pending": false,
              "context": null,
              "code": "// clicar no filtro JavaScript\ncy.clicar('.cat-item-21 > a');\ncy.verificarURL('/product-category/javascript/');",
              "err": {},
              "uuid": "84e046d3-d6bd-4f1c-ab87-a3cbeba10b2b",
              "parentUUID": "3b76f5be-fc49-4640-9839-8e654e01662f",
              "isHook": false,
              "skipped": false
            },
            {
              "title": "ordenar por popularidade",
              "fullTitle": "página de compras ordenar por popularidade",
              "timedOut": null,
              "duration": 8228,
              "state": "passed",
              "speed": "medium",
              "pass": true,
              "fail": false,
              "pending": false,
              "context": null,
              "code": "cy.ordenarProdutosPor('popularity');\n// verificar dois primeiros itens\ncy.verificarProdutos(0, 'post-169');\ncy.verificarProdutos(1, 'post-160');",
              "err": {},
              "uuid": "6f061711-f1b1-4eac-b7cf-92c4c7b401b5",
              "parentUUID": "3b76f5be-fc49-4640-9839-8e654e01662f",
              "isHook": false,
              "skipped": false
            },
            {
              "title": "ordenar por avaliações",
              "fullTitle": "página de compras ordenar por avaliações",
              "timedOut": null,
              "duration": 7790,
              "state": "passed",
              "speed": "medium",
              "pass": true,
              "fail": false,
              "pending": false,
              "context": null,
              "code": "cy.ordenarProdutosPor('rating');\n// verificar dois primeiros itens\ncy.verificarProdutos(0, 'post-160');\ncy.verificarProdutos(1, 'post-165');",
              "err": {},
              "uuid": "056f7d16-4ffd-4465-bbf2-98dd39dbe025",
              "parentUUID": "3b76f5be-fc49-4640-9839-8e654e01662f",
              "isHook": false,
              "skipped": false
            },
            {
              "title": "ordenar por data",
              "fullTitle": "página de compras ordenar por data",
              "timedOut": null,
              "duration": 8704,
              "state": "passed",
              "speed": "medium",
              "pass": true,
              "fail": false,
              "pending": false,
              "context": null,
              "code": "cy.ordenarProdutosPor('date');\n// verificar dois primeiros itens\ncy.verificarProdutos(0, 'post-182');\ncy.verificarProdutos(1, 'post-181');",
              "err": {},
              "uuid": "01570298-9377-4abd-b617-ec012d5565a4",
              "parentUUID": "3b76f5be-fc49-4640-9839-8e654e01662f",
              "isHook": false,
              "skipped": false
            },
            {
              "title": "ordenar por preço em ordem crescente",
              "fullTitle": "página de compras ordenar por preço em ordem crescente",
              "timedOut": null,
              "duration": 5882,
              "state": "passed",
              "speed": "medium",
              "pass": true,
              "fail": false,
              "pending": false,
              "context": null,
              "code": "cy.ordenarProdutosPor('price');\n// verificar dois primeiros itens\ncy.verificarProdutos(0, 'post-180');\ncy.verificarProdutos(1, 'post-182');",
              "err": {},
              "uuid": "74bc2460-1b0e-4cec-a0aa-17f20bc01f37",
              "parentUUID": "3b76f5be-fc49-4640-9839-8e654e01662f",
              "isHook": false,
              "skipped": false
            },
            {
              "title": "ordenar por preço em ordem decrescente",
              "fullTitle": "página de compras ordenar por preço em ordem decrescente",
              "timedOut": null,
              "duration": 6168,
              "state": "passed",
              "speed": "medium",
              "pass": true,
              "fail": false,
              "pending": false,
              "context": null,
              "code": "cy.ordenarProdutosPor('price-desc');\n// verificar dois primeiros itens\ncy.verificarProdutos(0, 'post-160');\ncy.verificarProdutos(1, 'post-169');",
              "err": {},
              "uuid": "4a2b929d-3c8c-4985-98fb-ab7d576a0852",
              "parentUUID": "3b76f5be-fc49-4640-9839-8e654e01662f",
              "isHook": false,
              "skipped": false
            },
            {
              "title": "botão de ler mais que indica produto fora de estoque",
              "fullTitle": "página de compras botão de ler mais que indica produto fora de estoque",
              "timedOut": null,
              "duration": 9610,
              "state": "failed",
              "speed": null,
              "pass": false,
              "fail": true,
              "pending": false,
              "context": null,
              "code": "// tentativa de procurar botão read more e clicar\ncy.clicar(cy.contains('button', 'read more'));\n// verificar se produto está fora de estoque\ncy.estaVisivel('Out Of Stock');\ncy.get('button[type=\"submit\"]').should('be.disabled');\n// (ERRO) não existe produto fora de estoque",
              "err": {
                "message": "AssertionError: Timed out retrying after 4000ms: Expected to find content: 'read more' within the selector: 'button' but never did.",
                "estack": "AssertionError: Timed out retrying after 4000ms: Expected to find content: 'read more' within the selector: 'button' but never did.\n    at Context.eval (webpack://automacao_solutis/./cypress/e2e/pagina-compras.cy.js:60:17)",
                "diff": null
              },
              "uuid": "0589cd0a-73b2-4971-bb91-0d23ff8ed11c",
              "parentUUID": "3b76f5be-fc49-4640-9839-8e654e01662f",
              "isHook": false,
              "skipped": false
            },
            {
              "title": "exibir desconto em produto",
              "fullTitle": "página de compras exibir desconto em produto",
              "timedOut": null,
              "duration": 9008,
              "state": "passed",
              "speed": "medium",
              "pass": true,
              "fail": false,
              "pending": false,
              "context": null,
              "code": "// exemplo de elemento com SALE!\ncy.estaVisivel('.onsale');\ncy.clicar('.post-169');\n// verificando se possui preço antigo e preço novo\ncy.deveTerTamanho('.woocommerce-Price-amount', 2);",
              "err": {},
              "uuid": "ecb94c37-b946-414f-8794-a691985cf458",
              "parentUUID": "3b76f5be-fc49-4640-9839-8e654e01662f",
              "isHook": false,
              "skipped": false
            },
            {
              "title": "efetuar compra corretamente",
              "fullTitle": "página de compras efetuar compra corretamente",
              "timedOut": null,
              "duration": 17758,
              "state": "passed",
              "speed": "slow",
              "pass": true,
              "fail": false,
              "pending": false,
              "context": null,
              "code": "// acessar carrinho após adicionar elemento exemplo\ncy.clicar('.post-169 .add_to_cart_button');\ncy.clicar('.post-169 .added_to_cart');\ncy.estaVisivel('.cart_totals'); // verificar visibilidade da tabela\ncy.clicar('.checkout-button');\n// verificar componentes na página de checkout\ncy.estaVisivel('.woocommerce-billing-fields');\ncy.estaVisivel('.woocommerce-shipping-fields');\ncy.estaVisivel('.wc_payment_methods');\ncy.verificarSubtotalMenor(); // verificar se o subtotal é menor do que o preço total\ncy.preencherDetalhesFaturamento({\n  nome: 'Nome',\n  sobrenome: 'Sobrenome',\n  email: 'meuemailvalido@dominio.com',\n  telefone: '(11)99999-9999',\n  pais: 'Brazil',\n  endereco1: 'Meu Endereco',\n  endereco2: 'em São Paulo',\n  cidade: 'São Paulo',\n  estado: 'São Paulo',\n  cep: '99999999'\n});\ncy.clicar('#payment_method_cod'); // exemplo de alteração de método de pagamento\ncy.clicar('#place_order'); // prosseguir com compra\n// verificar nova URL\ncy.verificarURL('/checkout/order-received/');",
              "err": {},
              "uuid": "0551859c-643a-4dff-86cb-60d598f46519",
              "parentUUID": "3b76f5be-fc49-4640-9839-8e654e01662f",
              "isHook": false,
              "skipped": false
            },
            {
              "title": "visualizar informações de carrinho e acessar carrinho pelo menu",
              "fullTitle": "página de compras visualizar informações de carrinho e acessar carrinho pelo menu",
              "timedOut": null,
              "duration": 9657,
              "state": "passed",
              "speed": "medium",
              "pass": true,
              "fail": false,
              "pending": false,
              "context": null,
              "code": "cy.clicar('.post-169 .add_to_cart_button'); // adicionar elemento exemplo ao carrinho\ncy.clicar('#menu-icon');\ncy.deveConter('.cartcontents', '1 item'); // verificar se é possível consultar a quantidade de itens pelo menu\ncy.estaVisivel('.amount'); // verificar se o preço está visível\ncy.clicar('.wpmenucartli');\ncy.verificarURL('/basket/'); // cesta de compras",
              "err": {},
              "uuid": "53fe3ed9-3e84-4418-a3c9-361b274b6ccf",
              "parentUUID": "3b76f5be-fc49-4640-9839-8e654e01662f",
              "isHook": false,
              "skipped": false
            },
            {
              "title": "verificar tipos de taxa: indiana (2%) e restantes (5%)",
              "fullTitle": "página de compras verificar tipos de taxa: indiana (2%) e restantes (5%)",
              "timedOut": null,
              "duration": 10113,
              "state": "passed",
              "speed": "slow",
              "pass": true,
              "fail": false,
              "pending": false,
              "context": null,
              "code": "// adicionar elemento exemplo ao carrinho\ncy.clicar('.post-169 .add_to_cart_button');\n// acessar carrinho via botão View Basket\ncy.clicar('.post-169 .added_to_cart');\ncy.clicar('.checkout-button');\n// verificar se existem os valores para subtotal, taxa e total\ncy.estaVisivel('.woocommerce-Price-amount');\ncy.estaVisivel('.order-total', '.woocommerce-Price-amount');\ncy.estaVisivel('.tax-rate', '.woocommerce-Price-amount');\n// verificar se o subtotal é menor do que o preço total\ncy.verificarSubtotalMenor();\n// verificar taxa indiana (padrão)\ncy.verificarTaxa(0.02);\n// alterar dados de envio para Brazil, São Paulo\ncy.alterarDadosDeEnvio('Brazil', 'São Paulo');\n// a taxa agora deve ser 5% do subtotal\ncy.verificarTaxa(0.05);",
              "err": {},
              "uuid": "0611072f-bbbb-4321-a7e6-51eca1ebec74",
              "parentUUID": "3b76f5be-fc49-4640-9839-8e654e01662f",
              "isHook": false,
              "skipped": false
            }
          ],
          "suites": [],
          "passes": [
            "0aeaf90b-e5d4-4dab-941d-3a99ed9f24e6",
            "84e046d3-d6bd-4f1c-ab87-a3cbeba10b2b",
            "6f061711-f1b1-4eac-b7cf-92c4c7b401b5",
            "056f7d16-4ffd-4465-bbf2-98dd39dbe025",
            "01570298-9377-4abd-b617-ec012d5565a4",
            "74bc2460-1b0e-4cec-a0aa-17f20bc01f37",
            "4a2b929d-3c8c-4985-98fb-ab7d576a0852",
            "ecb94c37-b946-414f-8794-a691985cf458",
            "0551859c-643a-4dff-86cb-60d598f46519",
            "53fe3ed9-3e84-4418-a3c9-361b274b6ccf",
            "0611072f-bbbb-4321-a7e6-51eca1ebec74"
          ],
          "failures": [
            "0589cd0a-73b2-4971-bb91-0d23ff8ed11c"
          ],
          "pending": [],
          "skipped": [],
          "duration": 115037,
          "root": false,
          "rootEmpty": false,
          "_timeout": 2000
        }
      ],
      "passes": [],
      "failures": [],
      "pending": [],
      "skipped": [],
      "duration": 0,
      "root": true,
      "rootEmpty": true,
      "_timeout": 2000
    }
  ],
  "meta": {
    "mocha": {
      "version": "7.0.1"
    },
    "mochawesome": {
      "options": {
        "quiet": false,
        "reportFilename": "mochawesome",
        "saveHtml": false,
        "saveJson": true,
        "consoleReporter": "spec",
        "useInlineDiffs": false,
        "code": true
      },
      "version": "7.1.3"
    },
    "marge": {
      "options": {
        "reportDir": "cypress/results",
        "overwrite": false,
        "html": false,
        "json": true,
        "timestamp": "mmddyyyy_HHMMss"
      },
      "version": "6.2.0"
    }
  }
}